<?xml version="1.0" encoding="UTF-8"?>
<!-- Generated by org.testng.reporters.JUnitXMLReporter -->
<testsuite ignored="1" hostname="DESKTOP-PCRDTAN" failures="0" tests="4" name="Default test" time="3.852" errors="0" timestamp="2020-05-26T15:30:48 IST">
  <testcase classname="com.appium.test.wordweb_Mohan" name="@BeforeTest setUp" time="-1.590487244577E9">
    <failure type="org.testng.TestNGException" message="
Can inject only one of &amp;lt;ITestContext, XmlTest&amp;gt; into a @BeforeTest annotated setUp.
For more information on native dependency injection please refer to http://testng.org/doc/documentation-main.html#native-dependency-injection">
      <![CDATA[org.testng.TestNGException: 
Can inject only one of <ITestContext, XmlTest> into a @BeforeTest annotated setUp.
For more information on native dependency injection please refer to http://testng.org/doc/documentation-main.html#native-dependency-injection
at org.testng.internal.Parameters.checkParameterTypes(Parameters.java:458)
at org.testng.internal.Parameters.createParametersForMethod(Parameters.java:372)
at org.testng.internal.Parameters.createParameters(Parameters.java:729)
at org.testng.internal.Parameters.createConfigurationParameters(Parameters.java:164)
at org.testng.internal.ConfigInvoker.invokeConfigurations(ConfigInvoker.java:275)
at org.testng.TestRunner.invokeTestConfigurations(TestRunner.java:623)
at org.testng.TestRunner.beforeRun(TestRunner.java:613)
at org.testng.TestRunner.run(TestRunner.java:584)
at org.testng.SuiteRunner.runTest(SuiteRunner.java:402)
at org.testng.SuiteRunner.runSequentially(SuiteRunner.java:396)
at org.testng.SuiteRunner.privateRun(SuiteRunner.java:355)
at org.testng.SuiteRunner.run(SuiteRunner.java:304)
at org.testng.SuiteRunnerWorker.runSuite(SuiteRunnerWorker.java:53)
at org.testng.SuiteRunnerWorker.run(SuiteRunnerWorker.java:96)
at org.testng.TestNG.runSuitesSequentially(TestNG.java:1180)
at org.testng.TestNG.runSuitesLocally(TestNG.java:1102)
at org.testng.TestNG.runSuites(TestNG.java:1032)
at org.testng.TestNG.run(TestNG.java:1000)
at org.testng.remote.AbstractRemoteTestNG.run(AbstractRemoteTestNG.java:115)
at org.testng.remote.RemoteTestNG.initAndRun(RemoteTestNG.java:251)
at org.testng.remote.RemoteTestNG.main(RemoteTestNG.java:77)
]]>
    </failure>
  </testcase> <!-- @BeforeTest setUp -->
  <testcase classname="com.appium.test.wordweb_Mohan" name="@BeforeClass loadDatabase" time="-1.59048724463E9">
    <skipped/>
  </testcase> <!-- @BeforeClass loadDatabase -->
  <testcase classname="com.appium.test.wordweb_Mohan" name="@BeforeMethod takeAppScreenShot" time="-1.590487248367E9">
    <skipped/>
  </testcase> <!-- @BeforeMethod takeAppScreenShot -->
  <testcase classname="com.appium.test.wordweb_Mohan" name="@BeforeMethod takeAppScreenShot" time="-1.590487248375E9">
    <skipped/>
  </testcase> <!-- @BeforeMethod takeAppScreenShot -->
  <testcase classname="com.appium.test.wordweb_Mohan" name="@BeforeMethod takeAppScreenShot" time="-1.590487248387E9">
    <skipped/>
  </testcase> <!-- @BeforeMethod takeAppScreenShot -->
  <testcase classname="com.appium.test.wordweb_Mohan" name="@BeforeMethod takeAppScreenShot" time="-1.590487248397E9">
    <skipped/>
  </testcase> <!-- @BeforeMethod takeAppScreenShot -->
  <testcase classname="com.appium.test.wordweb_Mohan" name="@AfterClass exit" time="-1.590487248415E9">
    <skipped/>
  </testcase> <!-- @AfterClass exit -->
  <testcase classname="com.appium.test.wordweb_Mohan" name="@AfterTest afterTest" time="-1.590487248422E9">
    <skipped/>
  </testcase> <!-- @AfterTest afterTest -->
  <testcase classname="com.appium.test.wordweb_Mohan" name="Wordweb" time="0.0">
    <skipped/>
  </testcase> <!-- Wordweb -->
  <testcase classname="com.appium.test.wordweb_Mohan" name="Wordweb" time="0.0">
    <skipped/>
  </testcase> <!-- Wordweb -->
  <testcase classname="com.appium.test.wordweb_Mohan" name="Wordweb" time="0.0">
    <skipped/>
  </testcase> <!-- Wordweb -->
  <testcase classname="com.appium.test.wordweb_Mohan" name="Wordweb" time="0.0">
    <skipped/>
  </testcase> <!-- Wordweb -->
  <testcase classname="com.appium.test.wordweb_Mohan" name="WordwebWithoutDP" time="0.0">
    <ignored/>
  </testcase> <!-- WordwebWithoutDP -->
</testsuite> <!-- Default test -->
