<?xml version="1.0" encoding="UTF-8"?>
<!-- Generated by org.testng.reporters.JUnitXMLReporter -->
<testsuite ignored="0" hostname="DESKTOP-PCRDTAN" failures="0" tests="5" name="Cloud test Kevin" time="192.146" errors="0" timestamp="2020-05-22T19:22:46 IST">
  <testcase classname="com.appium.test.EmiCalculatorKevin" name="sampleTest" time="25.484"/>
  <testcase classname="com.appium.test.EmiCalculatorKevin" name="sampleTest" time="31.953"/>
  <testcase classname="com.appium.test.EmiCalculatorKevin" name="sampleTest" time="31.405"/>
  <testcase classname="com.appium.test.EmiCalculatorKevin" name="sampleTest" time="33.574"/>
  <testcase classname="com.appium.test.EmiCalculatorKevin" name="sampleTest" time="31.494"/>
</testsuite> <!-- Cloud test Kevin -->
