<?xml version="1.0" encoding="UTF-8"?>
<!-- Generated by org.testng.reporters.JUnitXMLReporter -->
<testsuite ignored="0" hostname="DESKTOP-PCRDTAN" failures="0" tests="7" name="Cloud test Mohan" time="3.33" errors="0" timestamp="2020-05-22T15:09:57 IST">
  <testcase classname="com.appium.test.wordweb_Mohan" name="Wordweb" time="0.0">
    <skipped/>
  </testcase> <!-- Wordweb -->
  <testcase classname="com.appium.test.wordweb_Mohan" name="Wordweb" time="0.0">
    <skipped/>
  </testcase> <!-- Wordweb -->
  <testcase classname="com.appium.test.wordweb_Mohan" name="Wordweb" time="0.0">
    <skipped/>
  </testcase> <!-- Wordweb -->
  <testcase classname="com.appium.test.wordweb_Mohan" name="Wordweb" time="0.0">
    <skipped/>
  </testcase> <!-- Wordweb -->
  <testcase classname="com.appium.test.wordweb_Mohan" name="Wordweb" time="0.001">
    <skipped/>
  </testcase> <!-- Wordweb -->
  <testcase classname="com.appium.test.wordweb_Mohan" name="Wordweb" time="0.0">
    <skipped/>
  </testcase> <!-- Wordweb -->
  <testcase classname="com.appium.test.wordweb_Mohan" name="Wordweb" time="0.0">
    <skipped/>
  </testcase> <!-- Wordweb -->
</testsuite> <!-- Cloud test Mohan -->
