<?xml version="1.0" encoding="UTF-8"?>
<!-- Generated by org.testng.reporters.JUnitXMLReporter -->
<testsuite ignored="0" hostname="MAVBCP402" failures="0" tests="5" name="Cloud test Kevin" time="1.248" errors="0" timestamp="2020-05-25T18:06:52 IST">
  <testcase classname="com.appium.test.EmiCalculatorKevin" name="sampleTest" time="0.0">
    <skipped/>
  </testcase> <!-- sampleTest -->
  <testcase classname="com.appium.test.EmiCalculatorKevin" name="sampleTest" time="0.0">
    <skipped/>
  </testcase> <!-- sampleTest -->
  <testcase classname="com.appium.test.EmiCalculatorKevin" name="sampleTest" time="0.0">
    <skipped/>
  </testcase> <!-- sampleTest -->
  <testcase classname="com.appium.test.EmiCalculatorKevin" name="sampleTest" time="0.0">
    <skipped/>
  </testcase> <!-- sampleTest -->
  <testcase classname="com.appium.test.EmiCalculatorKevin" name="sampleTest" time="0.0">
    <skipped/>
  </testcase> <!-- sampleTest -->
</testsuite> <!-- Cloud test Kevin -->
