<?xml version="1.0" encoding="UTF-8"?>
<!-- Generated by org.testng.reporters.JUnitXMLReporter -->
<testsuite ignored="0" hostname="DESKTOP-PCRDTAN" failures="0" tests="4" name="Cloud test Mohan" time="144.662" errors="0" timestamp="2020-05-22T18:23:07 IST">
  <testcase classname="com.appium.test.wordweb_Mohan" name="Wordweb" time="31.275"/>
  <testcase classname="com.appium.test.wordweb_Mohan" name="Wordweb" time="29.614"/>
  <testcase classname="com.appium.test.wordweb_Mohan" name="Wordweb" time="29.808"/>
  <testcase classname="com.appium.test.wordweb_Mohan" name="Wordweb" time="33.803"/>
</testsuite> <!-- Cloud test Mohan -->
