<?xml version="1.0" encoding="UTF-8"?>
<!-- Generated by org.testng.reporters.JUnitXMLReporter -->
<testsuite ignored="0" hostname="LAPTOP-VU9JH5KI" failures="0" tests="4" name="Emulator Test" time="336.938" errors="0" timestamp="2020-05-22T11:39:35 IST">
  <testcase classname="com.appium.test.EmiCalculatorKevin" name="sampleTest" time="82.471"/>
  <testcase classname="com.appium.test.EmiCalculatorKevin" name="sampleTest" time="82.822"/>
  <testcase classname="com.appium.test.EmiCalculatorKevin" name="sampleTest" time="73.23"/>
  <testcase classname="com.appium.test.EmiCalculatorKevin" name="sampleTest" time="57.656"/>
</testsuite> <!-- Emulator Test -->
