<?xml version="1.0" encoding="UTF-8"?>
<!-- Generated by org.testng.reporters.JUnitXMLReporter -->
<testsuite ignored="0" hostname="MAVBCP402" failures="0" tests="4" name="Mohan real Emulator" time="4.15" errors="0" timestamp="2020-05-25T18:06:56 IST">
  <testcase classname="com.appium.test.wordweb_Mohan" name="Wordweb" time="0.0">
    <skipped/>
  </testcase> <!-- Wordweb -->
  <testcase classname="com.appium.test.wordweb_Mohan" name="Wordweb" time="0.0">
    <skipped/>
  </testcase> <!-- Wordweb -->
  <testcase classname="com.appium.test.wordweb_Mohan" name="Wordweb" time="0.0">
    <skipped/>
  </testcase> <!-- Wordweb -->
  <testcase classname="com.appium.test.wordweb_Mohan" name="Wordweb" time="0.0">
    <skipped/>
  </testcase> <!-- Wordweb -->
</testsuite> <!-- Mohan real Emulator -->
