<?xml version="1.0" encoding="UTF-8"?>
<!-- Generated by org.testng.reporters.JUnitXMLReporter -->
<testsuite ignored="0" hostname="DESKTOP-PCRDTAN" failures="0" tests="4" name="Mohan real Emulator" time="153.473" errors="0" timestamp="2020-05-22T19:25:44 IST">
  <testcase classname="com.appium.test.wordweb_Mohan" name="Wordweb" time="33.696"/>
  <testcase classname="com.appium.test.wordweb_Mohan" name="Wordweb" time="21.614"/>
  <testcase classname="com.appium.test.wordweb_Mohan" name="Wordweb" time="18.955"/>
  <testcase classname="com.appium.test.wordweb_Mohan" name="Wordweb" time="26.516"/>
</testsuite> <!-- Mohan real Emulator -->
