<?xml version="1.0" encoding="UTF-8"?>
<!-- Generated by org.testng.reporters.JUnitXMLReporter -->
<testsuite ignored="1" hostname="LAPTOP-VU9JH5KI" failures="0" tests="6" name="Real Device Test" time="268.31" errors="0" timestamp="2020-05-26T13:30:37 IST">
  <testcase classname="com.appium.test.EmiCalculatorKevin" name="sampleTest" time="37.413"/>
  <testcase classname="com.appium.test.EmiCalculatorKevin" name="sampleTest" time="37.17"/>
  <testcase classname="com.appium.test.EmiCalculatorKevin" name="sampleTest" time="32.835"/>
  <testcase classname="com.appium.test.EmiCalculatorKevin" name="sampleTest" time="36.224"/>
  <testcase classname="com.appium.test.EmiCalculatorKevin" name="sampleTest" time="39.312"/>
  <testcase classname="com.appium.test.EmiCalculatorKevin" name="sampleTest2" time="64.162"/>
  <testcase classname="com.appium.test.EmiCalculatorKevin" name="sampleTest3" time="0.0">
    <ignored/>
  </testcase> <!-- sampleTest3 -->
</testsuite> <!-- Real Device Test -->
