<?xml version="1.0" encoding="UTF-8"?>
<!-- Generated by org.testng.reporters.JUnitXMLReporter -->
<testsuite ignored="0" hostname="DESKTOP-PCRDTAN" failures="0" tests="7" name="Real Device Test" time="214.976" errors="0" timestamp="2020-05-22T12:52:48 IST">
  <testcase classname="com.appium.test.wordweb_Mohan" name="Wordweb" time="34.259"/>
  <testcase classname="com.appium.test.wordweb_Mohan" name="Wordweb" time="21.739"/>
  <testcase classname="com.appium.test.wordweb_Mohan" name="Wordweb" time="21.994"/>
  <testcase classname="com.appium.test.wordweb_Mohan" name="Wordweb" time="27.016"/>
  <testcase classname="com.appium.test.wordweb_Mohan" name="Wordweb" time="20.421"/>
  <testcase classname="com.appium.test.wordweb_Mohan" name="Wordweb" time="20.639"/>
  <testcase classname="com.appium.test.wordweb_Mohan" name="Wordweb" time="21.073"/>
</testsuite> <!-- Real Device Test -->
