<?xml version="1.0" encoding="UTF-8"?>
<!-- Generated by org.testng.reporters.JUnitXMLReporter -->
<testsuite ignored="0" hostname="MAVBCP402" failures="0" tests="4" name="Test" time="85.734" errors="0" timestamp="2020-05-22T16:20:16 IST">
  <testcase classname="com.appium.test.SwethaTasty" name="sampleTest" time="16.788"/>
  <testcase classname="com.appium.test.SwethaTasty" name="sampleTest" time="16.534"/>
  <testcase classname="com.appium.test.SwethaTasty" name="sampleTest" time="17.879"/>
  <testcase classname="com.appium.test.SwethaTasty" name="sampleTest" time="17.548"/>
</testsuite> <!-- Test -->
