<?xml version="1.0" encoding="UTF-8"?>
<!-- Generated by org.testng.reporters.JUnitXMLReporter -->
<testsuite ignored="0" hostname="DESKTOP-PCRDTAN" failures="0" tests="3" name="Test" time="86.333" errors="0" timestamp="2020-05-21T16:39:40 IST">
  <testcase classname="com.appium.test.EriBank" name="sampleTest" time="10.332"/>
  <testcase classname="com.appium.test.EriBank" name="sampleTest" time="9.587"/>
  <testcase classname="com.appium.test.EriBank" name="sampleTest" time="9.729"/>
</testsuite> <!-- Test -->
